0 info it worked if it ends with ok
1 verbose cli [
1 verbose cli   'C:\\Program Files\\nodejs\\node.exe',
1 verbose cli   'C:\\Program Files\\nodejs\\node_modules\\npm\\bin\\npm-cli.js',
1 verbose cli   'run',
1 verbose cli   'test:unit',
1 verbose cli   '--no-cache',
1 verbose cli   '--max-workers=1'
1 verbose cli ]
2 info using npm@6.14.6
3 info using node@v12.18.4
4 verbose run-script [ 'pretest:unit', 'test:unit', 'posttest:unit' ]
5 info lifecycle ponyracer@0.1.0~pretest:unit: ponyracer@0.1.0
6 info lifecycle ponyracer@0.1.0~test:unit: ponyracer@0.1.0
7 verbose lifecycle ponyracer@0.1.0~test:unit: unsafe-perm in lifecycle true
8 verbose lifecycle ponyracer@0.1.0~test:unit: PATH: C:\Program Files\nodejs\node_modules\npm\node_modules\npm-lifecycle\node-gyp-bin;C:\Users\REMI-CHRISTINE\effervsens\vueNinja\exercice0\ponyracer\node_modules\.bin;C:\Program Files\nodejs\node_modules\npm\node_modules\npm-lifecycle\node-gyp-bin;C:\Users\REMI-CHRISTINE\effervsens\vueNinja\exercice0\ponyracer\node_modules\.bin;C:\Users\REMI-CHRISTINE\bin;C:\Program Files\Git\mingw64\bin;C:\Program Files\Git\usr\local\bin;C:\Program Files\Git\usr\bin;C:\Program Files\Git\usr\bin;C:\Program Files\Git\mingw64\bin;C:\Program Files\Git\usr\bin;C:\Users\REMI-CHRISTINE\bin;C:\Python38\Scripts;C:\Python38;C:\Program Files (x86)\Common Files\Oracle\Java\javapath;C:\Program Files (x86)\NVIDIA Corporation\PhysX\Common;C:\WINDOWS\system32;C:\WINDOWS;C:\WINDOWS\System32\Wbem;C:\WINDOWS\System32\WindowsPowerShell\v1.0;C:\Program Files (x86)\Common Files\lenovo\easyplussdk\bin;C:\Program Files (x86)\ATI Technologies\ATI.ACE\Core-Static;C:\WINDOWS\System32\OpenSSH;C:\Program Files\PuTTY;C:\Users\REMI-CHRISTINE\Desktop\Projet perso\poi-4.1.1\poi-4.1.1.jar;C:\Users\REMI-CHRISTINE\Desktop\Projet perso\poi-4.1.1\poi-ooxml-4.1.1.jar;C:\Users\REMI-CHRISTINE\Desktop\Projet perso\poi-4.1.1\poi-ooxml-schemas-4.1.1.jar;C:\Users\REMI-CHRISTINE\Desktop\Projet perso\poi-4.1.1\ooxml-lib\curvesapi-1.06.jar;C:\Users\REMI-CHRISTINE\Desktop\Projet perso\poi-4.1.1\ooxml-lib\xmlbeans-3.1.0.jar;C:\Program Files\nodejs;C:\ProgramData\chocolatey\bin;C:\Program Files\Git\cmd;C:\Program Files\MongoDB\Server\4.4\bin;C:\Program Files\MongoDB\mongodb-database-tools-windows-x86_64-100.1.1\bin;C:\Users\REMI-CHRISTINE\AppData\Local\Microsoft\WindowsApps;C:\Users\REMI-CHRISTINE\AppData\Roaming\npm;C:\Program Files\heroku\bin;C:\Program Files\Git\usr\bin\vendor_perl;C:\Program Files\Git\usr\bin\core_perl
9 verbose lifecycle ponyracer@0.1.0~test:unit: CWD: C:\Users\REMI-CHRISTINE\effervsens\vueNinja\exercice0\ponyracer
10 silly lifecycle ponyracer@0.1.0~test:unit: Args: [ '/d /s /c', 'vue-cli-service test:unit' ]
11 silly lifecycle ponyracer@0.1.0~test:unit: Returned: code: 1  signal: null
12 info lifecycle ponyracer@0.1.0~test:unit: Failed to exec test:unit script
13 verbose stack Error: ponyracer@0.1.0 test:unit: `vue-cli-service test:unit`
13 verbose stack Exit status 1
13 verbose stack     at EventEmitter.<anonymous> (C:\Program Files\nodejs\node_modules\npm\node_modules\npm-lifecycle\index.js:332:16)
13 verbose stack     at EventEmitter.emit (events.js:315:20)
13 verbose stack     at ChildProcess.<anonymous> (C:\Program Files\nodejs\node_modules\npm\node_modules\npm-lifecycle\lib\spawn.js:55:14)
13 verbose stack     at ChildProcess.emit (events.js:315:20)
13 verbose stack     at maybeClose (internal/child_process.js:1021:16)
13 verbose stack     at Process.ChildProcess._handle.onexit (internal/child_process.js:286:5)
14 verbose pkgid ponyracer@0.1.0
15 verbose cwd C:\Users\REMI-CHRISTINE\effervsens\vueNinja\exercice0\ponyracer
16 verbose Windows_NT 10.0.18362
17 verbose argv "C:\\Program Files\\nodejs\\node.exe" "C:\\Program Files\\nodejs\\node_modules\\npm\\bin\\npm-cli.js" "run" "test:unit" "--no-cache" "--max-workers=1"
18 verbose node v12.18.4
19 verbose npm  v6.14.6
20 error code ELIFECYCLE
21 error errno 1
22 error ponyracer@0.1.0 test:unit: `vue-cli-service test:unit`
22 error Exit status 1
23 error Failed at the ponyracer@0.1.0 test:unit script.
23 error This is probably not a problem with npm. There is likely additional logging output above.
24 verbose exit [ 1, true ]
